# JRE version: OpenJDK Runtime Environment (8.0_152-b02) (build 1.8.0_152-release-1024-b02)
# Java VM: OpenJDK 64-Bit Server VM (25.152-b02 mixed mode windows-amd64 compressed oops)
Heap:
 PSYoungGen      total 169472K, used 83668K [0x00000000e0000000, 0x00000000ed880000, 0x0000000100000000)
  eden space 155648K, 44% used [0x00000000e0000000,0x00000000e4446030,0x00000000e9800000)
  from space 13824K, 99% used [0x00000000ea700000,0x00000000eb46f338,0x00000000eb480000)
  to   space 15360K, 0% used [0x00000000e9800000,0x00000000e9800000,0x00000000ea700000)
 ParOldGen       total 155648K, used 19554K [0x00000000a0000000, 0x00000000a9800000, 0x00000000e0000000)
  object space 155648K, 12% used [0x00000000a0000000,0x00000000a13189c0,0x00000000a9800000)
 Metaspace       used 48245K, capacity 49332K, committed 49624K, reserved 1091584K
  class space    used 6531K, capacity 6821K, committed 6912K, reserved 1048576K
GC Heap History (10 events):
Event: 2.443 GC heap before
{Heap before GC invocations=4 (full 1):
 PSYoungGen      total 76288K, used 8749K [0x00000000e0000000, 0x00000000e9500000, 0x0000000100000000)
  eden space 65536K, 0% used [0x00000000e0000000,0x00000000e0000000,0x00000000e4000000)
  from space 10752K, 81% used [0x00000000e4000000,0x00000000e488b690,0x00000000e4a80000)
  to   space 10752K, 0% used [0x00000000e8a80000,0x00000000e8a80000,0x00000000e9500000)
 ParOldGen       total 175104K, used 24K [0x00000000a0000000, 0x00000000aab00000, 0x00000000e0000000)
  object space 175104K, 0% used [0x00000000a0000000,0x00000000a0006000,0x00000000aab00000)
 Metaspace       used 20798K, capacity 21130K, committed 21248K, reserved 1067008K
  class space    used 2901K, capacity 3049K, committed 3072K, reserved 1048576K
Event: 2.475 GC heap after
Heap after GC invocations=4 (full 1):
 PSYoungGen      total 76288K, used 0K [0x00000000e0000000, 0x00000000e9500000, 0x0000000100000000)
  eden space 65536K, 0% used [0x00000000e0000000,0x00000000e0000000,0x00000000e4000000)
  from space 10752K, 0% used [0x00000000e4000000,0x00000000e4000000,0x00000000e4a80000)
  to   space 10752K, 0% used [0x00000000e8a80000,0x00000000e8a80000,0x00000000e9500000)
 ParOldGen       total 99840K, used 8534K [0x00000000a0000000, 0x00000000a6180000, 0x00000000e0000000)
  object space 99840K, 8% used [0x00000000a0000000,0x00000000a08558b8,0x00000000a6180000)
 Metaspace       used 20798K, capacity 21130K, committed 21248K, reserved 1067008K
  class space    used 2901K, capacity 3049K, committed 3072K, reserved 1048576K
}
Event: 4.297 GC heap before
{Heap before GC invocations=5 (full 1):
 PSYoungGen      total 76288K, used 65536K [0x00000000e0000000, 0x00000000e9500000, 0x0000000100000000)
  eden space 65536K, 100% used [0x00000000e0000000,0x00000000e4000000,0x00000000e4000000)
  from space 10752K, 0% used [0x00000000e4000000,0x00000000e4000000,0x00000000e4a80000)
  to   space 10752K, 0% used [0x00000000e8a80000,0x00000000e8a80000,0x00000000e9500000)
 ParOldGen       total 99840K, used 8534K [0x00000000a0000000, 0x00000000a6180000, 0x00000000e0000000)
  object space 99840K, 8% used [0x00000000a0000000,0x00000000a08558b8,0x00000000a6180000)
 Metaspace       used 26380K, capacity 26794K, committed 27136K, reserved 1073152K
  class space    used 3642K, capacity 3776K, committed 3840K, reserved 1048576K
Event: 4.304 GC heap after
Heap after GC invocations=5 (full 1):
 PSYoungGen      total 109568K, used 7022K [0x00000000e0000000, 0x00000000e9180000, 0x0000000100000000)
  eden space 102400K, 0% used [0x00000000e0000000,0x00000000e0000000,0x00000000e6400000)
  from space 7168K, 97% used [0x00000000e8a80000,0x00000000e915b930,0x00000000e9180000)
  to   space 10752K, 0% used [0x00000000e7c80000,0x00000000e7c80000,0x00000000e8700000)
 ParOldGen       total 99840K, used 8542K [0x00000000a0000000, 0x00000000a6180000, 0x00000000e0000000)
  object space 99840K, 8% used [0x00000000a0000000,0x00000000a08578b8,0x00000000a6180000)
 Metaspace       used 26380K, capacity 26794K, committed 27136K, reserved 1073152K
  class space    used 3642K, capacity 3776K, committed 3840K, reserved 1048576K
}
Event: 5.949 GC heap before
{Heap before GC invocations=6 (full 1):
 PSYoungGen      total 109568K, used 96842K [0x00000000e0000000, 0x00000000e9180000, 0x0000000100000000)
  eden space 102400K, 87% used [0x00000000e0000000,0x00000000e57b7150,0x00000000e6400000)
  from space 7168K, 97% used [0x00000000e8a80000,0x00000000e915b930,0x00000000e9180000)
  to   space 10752K, 0% used [0x00000000e7c80000,0x00000000e7c80000,0x00000000e8700000)
 ParOldGen       total 99840K, used 8542K [0x00000000a0000000, 0x00000000a6180000, 0x00000000e0000000)
  object space 99840K, 8% used [0x00000000a0000000,0x00000000a08578b8,0x00000000a6180000)
 Metaspace       used 34874K, capacity 35306K, committed 35416K, reserved 1079296K
  class space    used 4792K, capacity 4955K, committed 4992K, reserved 1048576K
Event: 5.965 GC heap after
Heap after GC invocations=6 (full 1):
 PSYoungGen      total 138240K, used 10737K [0x00000000e0000000, 0x00000000eb480000, 0x0000000100000000)
  eden space 127488K, 0% used [0x00000000e0000000,0x00000000e0000000,0x00000000e7c80000)
  from space 10752K, 99% used [0x00000000e7c80000,0x00000000e86fc558,0x00000000e8700000)
  to   space 13824K, 0% used [0x00000000ea700000,0x00000000ea700000,0x00000000eb480000)
 ParOldGen       total 99840K, used 10861K [0x00000000a0000000, 0x00000000a6180000, 0x00000000e0000000)
  object space 99840K, 10% used [0x00000000a0000000,0x00000000a0a9b488,0x00000000a6180000)
 Metaspace       used 34874K, capacity 35306K, committed 35416K, reserved 1079296K
  class space    used 4792K, capacity 4955K, committed 4992K, reserved 1048576K
}
Event: 5.965 GC heap before
{Heap before GC invocations=7 (full 2):
 PSYoungGen      total 138240K, used 10737K [0x00000000e0000000, 0x00000000eb480000, 0x0000000100000000)
  eden space 127488K, 0% used [0x00000000e0000000,0x00000000e0000000,0x00000000e7c80000)
  from space 10752K, 99% used [0x00000000e7c80000,0x00000000e86fc558,0x00000000e8700000)
  to   space 13824K, 0% used [0x00000000ea700000,0x00000000ea700000,0x00000000eb480000)
 ParOldGen       total 99840K, used 10861K [0x00000000a0000000, 0x00000000a6180000, 0x00000000e0000000)
  object space 99840K, 10% used [0x00000000a0000000,0x00000000a0a9b488,0x00000000a6180000)
 Metaspace       used 34874K, capacity 35306K, committed 35416K, reserved 1079296K
  class space    used 4792K, capacity 4955K, committed 4992K, reserved 1048576K
Event: 6.011 GC heap after
Heap after GC invocations=7 (full 2):
 PSYoungGen      total 138240K, used 0K [0x00000000e0000000, 0x00000000eb480000, 0x0000000100000000)
  eden space 127488K, 0% used [0x00000000e0000000,0x00000000e0000000,0x00000000e7c80000)
  from space 10752K, 0% used [0x00000000e7c80000,0x00000000e7c80000,0x00000000e8700000)
  to   space 13824K, 0% used [0x00000000ea700000,0x00000000ea700000,0x00000000eb480000)
 ParOldGen       total 155648K, used 19546K [0x00000000a0000000, 0x00000000a9800000, 0x00000000e0000000)
  object space 155648K, 12% used [0x00000000a0000000,0x00000000a13169c0,0x00000000a9800000)
 Metaspace       used 34874K, capacity 35306K, committed 35416K, reserved 1079296K
  class space    used 4792K, capacity 4955K, committed 4992K, reserved 1048576K
}
Event: 7.500 GC heap before
{Heap before GC invocations=8 (full 2):
 PSYoungGen      total 138240K, used 127488K [0x00000000e0000000, 0x00000000eb480000, 0x0000000100000000)
  eden space 127488K, 100% used [0x00000000e0000000,0x00000000e7c80000,0x00000000e7c80000)
  from space 10752K, 0% used [0x00000000e7c80000,0x00000000e7c80000,0x00000000e8700000)
  to   space 13824K, 0% used [0x00000000ea700000,0x00000000ea700000,0x00000000eb480000)
 ParOldGen       total 155648K, used 19546K [0x00000000a0000000, 0x00000000a9800000, 0x00000000e0000000)
  object space 155648K, 12% used [0x00000000a0000000,0x00000000a13169c0,0x00000000a9800000)
 Metaspace       used 42756K, capacity 43520K, committed 43736K, reserved 1087488K
  class space    used 5892K, capacity 6125K, committed 6144K, reserved 1048576K
Event: 7.512 GC heap after
Heap after GC invocations=8 (full 2):
 PSYoungGen      total 169472K, used 13756K [0x00000000e0000000, 0x00000000ed880000, 0x0000000100000000)
  eden space 155648K, 0% used [0x00000000e0000000,0x00000000e0000000,0x00000000e9800000)
  from space 13824K, 99% used [0x00000000ea700000,0x00000000eb46f338,0x00000000eb480000)
  to   space 15360K, 0% used [0x00000000e9800000,0x00000000e9800000,0x00000000ea700000)
 ParOldGen       total 155648K, used 19554K [0x00000000a0000000, 0x00000000a9800000, 0x00000000e0000000)
  object space 155648K, 12% used [0x00000000a0000000,0x00000000a13189c0,0x00000000a9800000)
 Metaspace       used 42756K, capacity 43520K, committed 43736K, reserved 1087488K
  class space    used 5892K, capacity 6125K, committed 6144K, reserved 1048576K
}

